<?xml version="1.0" encoding="UTF-8"?>
<!-- Generated by org.testng.reporters.JUnitReportReporter -->
<testsuite hostname="PC201701052258" name="testng.testBaidu" tests="1" failures="0" timestamp="8 Jul 2017 07:56:20 GMT" time="2.454" errors="0">
  <testcase name="testCase" time="2.454" classname="testng.testBaidu"/>
</testsuite> <!-- testng.testBaidu -->
